{"numFailedTestSuites":1,"numFailedTests":2,"numPassedTestSuites":0,"numPassedTests":18,"numPendingTestSuites":0,"numPendingTests":0,"numRuntimeErrorTestSuites":0,"numTodoTests":0,"numTotalTestSuites":1,"numTotalTests":20,"openHandles":[],"snapshot":{"added":0,"didUpdate":false,"failure":false,"filesAdded":0,"filesRemoved":0,"filesRemovedList":[],"filesUnmatched":0,"filesUpdated":0,"matched":0,"total":0,"unchecked":0,"uncheckedKeysByFile":[],"unmatched":0,"updated":0},"startTime":1771556493667,"success":false,"testResults":[{"assertionResults":[{"ancestorTitles":["PlanningService"],"duration":13,"failureDetails":[],"failureMessages":[],"fullName":"PlanningService should be defined","invocations":1,"location":null,"numPassingAsserts":1,"retryReasons":[],"status":"passed","title":"should be defined"},{"ancestorTitles":["PlanningService","verificarAccesoTarea"],"duration":4,"failureDetails":[],"failureMessages":[],"fullName":"PlanningService verificarAccesoTarea ✅ Admin puede ver cualquier tarea","invocations":1,"location":null,"numPassingAsserts":1,"retryReasons":[],"status":"passed","title":"✅ Admin puede ver cualquier tarea"},{"ancestorTitles":["PlanningService","verificarAccesoTarea"],"duration":3,"failureDetails":[],"failureMessages":[],"fullName":"PlanningService verificarAccesoTarea ✅ Creador/Dueño de la tarea puede verla","invocations":1,"location":null,"numPassingAsserts":1,"retryReasons":[],"status":"passed","title":"✅ Creador/Dueño de la tarea puede verla"},{"ancestorTitles":["PlanningService","verificarAccesoTarea"],"duration":3,"failureDetails":[],"failureMessages":[],"fullName":"PlanningService verificarAccesoTarea ✅ Asignado de la tarea puede verla","invocations":1,"location":null,"numPassingAsserts":2,"retryReasons":[],"status":"passed","title":"✅ Asignado de la tarea puede verla"},{"ancestorTitles":["PlanningService","verificarAccesoTarea"],"duration":3,"failureDetails":[],"failureMessages":[],"fullName":"PlanningService verificarAccesoTarea ✅ Jefe jerárquico del dueño puede verla","invocations":1,"location":null,"numPassingAsserts":2,"retryReasons":[],"status":"passed","title":"✅ Jefe jerárquico del dueño puede verla"},{"ancestorTitles":["PlanningService","verificarAccesoTarea"],"duration":2,"failureDetails":[],"failureMessages":[],"fullName":"PlanningService verificarAccesoTarea ✅ Responsable del proyecto puede ver tareas del proyecto","invocations":1,"location":null,"numPassingAsserts":1,"retryReasons":[],"status":"passed","title":"✅ Responsable del proyecto puede ver tareas del proyecto"},{"ancestorTitles":["PlanningService","verificarAccesoTarea"],"duration":142,"failureDetails":[],"failureMessages":[],"fullName":"PlanningService verificarAccesoTarea ❌ Usuario sin relación NO puede verla","invocations":1,"location":null,"numPassingAsserts":1,"retryReasons":[],"status":"passed","title":"❌ Usuario sin relación NO puede verla"},{"ancestorTitles":["PlanningService","verificarAccesoTarea"],"duration":19,"failureDetails":[],"failureMessages":[],"fullName":"PlanningService verificarAccesoTarea ❌ Usuario de otra gerencia NO puede verla","invocations":1,"location":null,"numPassingAsserts":1,"retryReasons":[],"status":"passed","title":"❌ Usuario de otra gerencia NO puede verla"},{"ancestorTitles":["PlanningService","checkEditPermission"],"duration":4,"failureDetails":[],"failureMessages":[],"fullName":"PlanningService checkEditPermission should allow free edit for personal tasks (no project)","invocations":1,"location":null,"numPassingAsserts":1,"retryReasons":[],"status":"passed","title":"should allow free edit for personal tasks (no project)"},{"ancestorTitles":["PlanningService","checkEditPermission"],"duration":7,"failureDetails":[{"matcherResult":{"actual":{"puedeEditar":true,"requiereAprobacion":false,"tipoProyecto":"Estrategico"},"expected":{"puedeEditar":true,"requiereAprobacion":true,"tipoProyecto":"Estrategico"},"message":"\u001b[2mexpect(\u001b[22m\u001b[31mreceived\u001b[39m\u001b[2m).\u001b[22mtoEqual\u001b[2m(\u001b[22m\u001b[32mexpected\u001b[39m\u001b[2m) // deep equality\u001b[22m\n\n\u001b[32m- Expected  - 1\u001b[39m\n\u001b[31m+ Received  + 1\u001b[39m\n\n\u001b[2m  Object {\u001b[22m\n\u001b[2m    \"puedeEditar\": true,\u001b[22m\n\u001b[32m-   \"requiereAprobacion\": true,\u001b[39m\n\u001b[31m+   \"requiereAprobacion\": false,\u001b[39m\n\u001b[2m    \"tipoProyecto\": \"Estrategico\",\u001b[22m\n\u001b[2m  }\u001b[22m","name":"toEqual","pass":false}}],"failureMessages":["Error: \u001b[2mexpect(\u001b[22m\u001b[31mreceived\u001b[39m\u001b[2m).\u001b[22mtoEqual\u001b[2m(\u001b[22m\u001b[32mexpected\u001b[39m\u001b[2m) // deep equality\u001b[22m\n\n\u001b[32m- Expected  - 1\u001b[39m\n\u001b[31m+ Received  + 1\u001b[39m\n\n\u001b[2m  Object {\u001b[22m\n\u001b[2m    \"puedeEditar\": true,\u001b[22m\n\u001b[32m-   \"requiereAprobacion\": true,\u001b[39m\n\u001b[31m+   \"requiereAprobacion\": false,\u001b[39m\n\u001b[2m    \"tipoProyecto\": \"Estrategico\",\u001b[22m\n\u001b[2m  }\u001b[22m\n    at Object.toEqual (D:\\planificacion\\backend\\src\\planning\\planning.service.spec.ts:132:28)"],"fullName":"PlanningService checkEditPermission should require approval for strategic projects (non-admin)","invocations":1,"location":null,"numPassingAsserts":0,"retryReasons":[],"status":"failed","title":"should require approval for strategic projects (non-admin)"},{"ancestorTitles":["PlanningService","checkEditPermission"],"duration":2,"failureDetails":[],"failureMessages":[],"fullName":"PlanningService checkEditPermission should bypass approval for Admin on strategic projects","invocations":1,"location":null,"numPassingAsserts":1,"retryReasons":[],"status":"passed","title":"should bypass approval for Admin on strategic projects"},{"ancestorTitles":["PlanningService","checkEditPermission"],"duration":4,"failureDetails":[],"failureMessages":[],"fullName":"PlanningService checkEditPermission should allow free edit for operative projects","invocations":1,"location":null,"numPassingAsserts":1,"retryReasons":[],"status":"passed","title":"should allow free edit for operative projects"},{"ancestorTitles":["PlanningService","checkEditPermission"],"duration":2,"failureDetails":[],"failureMessages":[],"fullName":"PlanningService checkEditPermission should throw NotFoundException for non-existent task","invocations":1,"location":null,"numPassingAsserts":1,"retryReasons":[],"status":"passed","title":"should throw NotFoundException for non-existent task"},{"ancestorTitles":["PlanningService","solicitarCambio"],"duration":3,"failureDetails":[],"failureMessages":[],"fullName":"PlanningService solicitarCambio should create a change request","invocations":1,"location":null,"numPassingAsserts":1,"retryReasons":[],"status":"passed","title":"should create a change request"},{"ancestorTitles":["PlanningService","solicitarCambio"],"duration":4,"failureDetails":[],"failureMessages":[],"fullName":"PlanningService solicitarCambio should throw NotFoundException for non-existent task","invocations":1,"location":null,"numPassingAsserts":1,"retryReasons":[],"status":"passed","title":"should throw NotFoundException for non-existent task"},{"ancestorTitles":["PlanningService","resolverSolicitud"],"duration":3,"failureDetails":[],"failureMessages":[],"fullName":"PlanningService resolverSolicitud should approve a request and apply changes","invocations":1,"location":null,"numPassingAsserts":3,"retryReasons":[],"status":"passed","title":"should approve a request and apply changes"},{"ancestorTitles":["PlanningService","resolverSolicitud"],"duration":3,"failureDetails":[],"failureMessages":[],"fullName":"PlanningService resolverSolicitud should reject a request without applying changes","invocations":1,"location":null,"numPassingAsserts":2,"retryReasons":[],"status":"passed","title":"should reject a request without applying changes"},{"ancestorTitles":["PlanningService","resolverSolicitud"],"duration":3,"failureDetails":[],"failureMessages":[],"fullName":"PlanningService resolverSolicitud should throw NotFoundException for non-existent request","invocations":1,"location":null,"numPassingAsserts":1,"retryReasons":[],"status":"passed","title":"should throw NotFoundException for non-existent request"},{"ancestorTitles":["PlanningService","updateTareaOperativa"],"duration":3,"failureDetails":[],"failureMessages":[],"fullName":"PlanningService updateTareaOperativa should update operative task and create audit log","invocations":1,"location":null,"numPassingAsserts":1,"retryReasons":[],"status":"passed","title":"should update operative task and create audit log"},{"ancestorTitles":["PlanningService","updateTareaOperativa"],"duration":5,"failureDetails":[{"message":"\u001b[2mexpect(\u001b[22m\u001b[31mreceived\u001b[39m\u001b[2m).\u001b[22mrejects\u001b[2m.\u001b[22mtoThrow\u001b[2m()\u001b[22m\n\nReceived promise resolved instead of rejected\nResolved to value: \u001b[31m{\"exito\": true}\u001b[39m"}],"failureMessages":["Error: \u001b[2mexpect(\u001b[22m\u001b[31mreceived\u001b[39m\u001b[2m).\u001b[22mrejects\u001b[2m.\u001b[22mtoThrow\u001b[2m()\u001b[22m\n\nReceived promise resolved instead of rejected\nResolved to value: \u001b[31m{\"exito\": true}\u001b[39m\n    at expect (D:\\planificacion\\backend\\node_modules\\expect\\build\\index.js:113:15)\n    at Object.expect (D:\\planificacion\\backend\\src\\planning\\planning.service.spec.ts:306:19)\n    at Promise.then.completed (D:\\planificacion\\backend\\node_modules\\jest-circus\\build\\utils.js:298:28)\n    at new Promise (<anonymous>)\n    at callAsyncCircusFn (D:\\planificacion\\backend\\node_modules\\jest-circus\\build\\utils.js:231:10)\n    at _callCircusTest (D:\\planificacion\\backend\\node_modules\\jest-circus\\build\\run.js:316:40)\n    at _runTest (D:\\planificacion\\backend\\node_modules\\jest-circus\\build\\run.js:252:3)\n    at _runTestsForDescribeBlock (D:\\planificacion\\backend\\node_modules\\jest-circus\\build\\run.js:126:9)\n    at _runTestsForDescribeBlock (D:\\planificacion\\backend\\node_modules\\jest-circus\\build\\run.js:121:9)\n    at _runTestsForDescribeBlock (D:\\planificacion\\backend\\node_modules\\jest-circus\\build\\run.js:121:9)\n    at run (D:\\planificacion\\backend\\node_modules\\jest-circus\\build\\run.js:71:3)\n    at runAndTransformResultsToJestFormat (D:\\planificacion\\backend\\node_modules\\jest-circus\\build\\legacy-code-todo-rewrite\\jestAdapterInit.js:122:21)\n    at jestAdapter (D:\\planificacion\\backend\\node_modules\\jest-circus\\build\\legacy-code-todo-rewrite\\jestAdapter.js:79:19)\n    at runTestInternal (D:\\planificacion\\backend\\node_modules\\jest-runner\\build\\runTest.js:367:16)\n    at runTest (D:\\planificacion\\backend\\node_modules\\jest-runner\\build\\runTest.js:444:34)"],"fullName":"PlanningService updateTareaOperativa should throw ForbiddenException for strategic tasks (if user is not admin)","invocations":1,"location":null,"numPassingAsserts":0,"retryReasons":[],"status":"failed","title":"should throw ForbiddenException for strategic tasks (if user is not admin)"}],"endTime":1771556497198,"message":"\u001b[1m\u001b[31m  \u001b[1m● \u001b[22m\u001b[1mPlanningService › checkEditPermission › should require approval for strategic projects (non-admin)\u001b[39m\u001b[22m\n\n    \u001b[2mexpect(\u001b[22m\u001b[31mreceived\u001b[39m\u001b[2m).\u001b[22mtoEqual\u001b[2m(\u001b[22m\u001b[32mexpected\u001b[39m\u001b[2m) // deep equality\u001b[22m\n\n    \u001b[32m- Expected  - 1\u001b[39m\n    \u001b[31m+ Received  + 1\u001b[39m\n\n    \u001b[2m  Object {\u001b[22m\n    \u001b[2m    \"puedeEditar\": true,\u001b[22m\n    \u001b[32m-   \"requiereAprobacion\": true,\u001b[39m\n    \u001b[31m+   \"requiereAprobacion\": false,\u001b[39m\n    \u001b[2m    \"tipoProyecto\": \"Estrategico\",\u001b[22m\n    \u001b[2m  }\u001b[22m\n\u001b[2m\u001b[22m\n\u001b[2m    \u001b[0m \u001b[90m 130 |\u001b[39m             \u001b[36mconst\u001b[39m result \u001b[33m=\u001b[39m \u001b[36mawait\u001b[39m service\u001b[33m.\u001b[39mcheckEditPermission(\u001b[35m1\u001b[39m\u001b[33m,\u001b[39m \u001b[35m10\u001b[39m)\u001b[33m;\u001b[39m\u001b[22m\n\u001b[2m     \u001b[90m 131 |\u001b[39m\u001b[22m\n\u001b[2m    \u001b[31m\u001b[1m>\u001b[22m\u001b[2m\u001b[39m\u001b[90m 132 |\u001b[39m             expect(result)\u001b[33m.\u001b[39mtoEqual({\u001b[22m\n\u001b[2m     \u001b[90m     |\u001b[39m                            \u001b[31m\u001b[1m^\u001b[22m\u001b[2m\u001b[39m\u001b[22m\n\u001b[2m     \u001b[90m 133 |\u001b[39m                 puedeEditar\u001b[33m:\u001b[39m \u001b[36mtrue\u001b[39m\u001b[33m,\u001b[39m\u001b[22m\n\u001b[2m     \u001b[90m 134 |\u001b[39m                 requiereAprobacion\u001b[33m:\u001b[39m \u001b[36mtrue\u001b[39m\u001b[33m,\u001b[39m\u001b[22m\n\u001b[2m     \u001b[90m 135 |\u001b[39m                 tipoProyecto\u001b[33m:\u001b[39m \u001b[32m'Estrategico'\u001b[39m\u001b[0m\u001b[22m\n\u001b[2m\u001b[22m\n\u001b[2m      \u001b[2mat Object.toEqual (\u001b[22m\u001b[2m\u001b[0m\u001b[36mplanning/planning.service.spec.ts\u001b[39m\u001b[0m\u001b[2m:132:28)\u001b[22m\u001b[2m\u001b[22m\n\n\u001b[1m\u001b[31m  \u001b[1m● \u001b[22m\u001b[1mPlanningService › updateTareaOperativa › should throw ForbiddenException for strategic tasks (if user is not admin)\u001b[39m\u001b[22m\n\n    \u001b[2mexpect(\u001b[22m\u001b[31mreceived\u001b[39m\u001b[2m).\u001b[22mrejects\u001b[2m.\u001b[22mtoThrow\u001b[2m()\u001b[22m\n\n    Received promise resolved instead of rejected\n    Resolved to value: \u001b[31m{\"exito\": true}\u001b[39m\n\u001b[2m\u001b[22m\n\u001b[2m    \u001b[0m \u001b[90m 304 |\u001b[39m             (authRepo\u001b[33m.\u001b[39mobtenerUsuarioPorId \u001b[36mas\u001b[39m jest\u001b[33m.\u001b[39m\u001b[33mMock\u001b[39m)\u001b[33m.\u001b[39mmockResolvedValue(normalUser)\u001b[33m;\u001b[39m\u001b[22m\n\u001b[2m     \u001b[90m 305 |\u001b[39m\u001b[22m\n\u001b[2m    \u001b[31m\u001b[1m>\u001b[22m\u001b[2m\u001b[39m\u001b[90m 306 |\u001b[39m             \u001b[36mawait\u001b[39m expect(service\u001b[33m.\u001b[39mupdateTareaOperativa(\u001b[35m10\u001b[39m\u001b[33m,\u001b[39m \u001b[35m1\u001b[39m\u001b[33m,\u001b[39m { nombre\u001b[33m:\u001b[39m \u001b[32m'Changed'\u001b[39m }))\u001b[22m\n\u001b[2m     \u001b[90m     |\u001b[39m                   \u001b[31m\u001b[1m^\u001b[22m\u001b[2m\u001b[39m\u001b[22m\n\u001b[2m     \u001b[90m 307 |\u001b[39m                 \u001b[33m.\u001b[39mrejects\u001b[33m.\u001b[39mtoThrow(\u001b[33mBadRequestException\u001b[39m)\u001b[33m;\u001b[39m \u001b[90m// requires approval\u001b[39m\u001b[22m\n\u001b[2m     \u001b[90m 308 |\u001b[39m         })\u001b[33m;\u001b[39m\u001b[22m\n\u001b[2m     \u001b[90m 309 |\u001b[39m     })\u001b[33m;\u001b[39m\u001b[0m\u001b[22m\n\u001b[2m\u001b[22m\n\u001b[2m      \u001b[2mat expect (\u001b[22m\u001b[2m../node_modules/expect/build/index.js\u001b[2m:113:15)\u001b[22m\u001b[2m\u001b[22m\n\u001b[2m      \u001b[2mat Object.expect (\u001b[22m\u001b[2m\u001b[0m\u001b[36mplanning/planning.service.spec.ts\u001b[39m\u001b[0m\u001b[2m:306:19)\u001b[22m\u001b[2m\u001b[22m\n","name":"D:\\planificacion\\backend\\src\\planning\\planning.service.spec.ts","startTime":1771556494019,"status":"failed","summary":""}],"wasInterrupted":false}
